{"ts":1697895818218,"action":"PROJECT_OPENED","tags":{"PROJECT_NAME":"AndroidCompose"}}
{"ts":1697895823072,"action":"IDE_DEACTIVATED"}
{"ts":1697895824403,"action":"IDE_ACTIVATED"}
{"ts":1697896042647,"action":"IDE_DEACTIVATED"}
{"ts":1697896097059,"action":"IDE_ACTIVATED"}
{"ts":1697896113319,"action":"FILE_OPENED","file":"/app/proguard-rules.pro","tags":{"FILE_LINE_OF_CODE":"21"}}
{"ts":1697896120583,"action":"IDE_DEACTIVATED"}
{"ts":1697896336933,"action":"IDE_ACTIVATED"}
{"ts":1697896339664,"action":"FILE_CLOSED","file":"/app/proguard-rules.pro","tags":{"FILE_LINE_OF_CODE":"21"}}
{"ts":1697896387128,"action":"FILE_OPENED","file":"/app/.gitignore","tags":{"FILE_LINE_OF_CODE":"1"}}
{"ts":1697896448880,"action":"FILE_CLOSED","file":"/app/.gitignore","tags":{"FILE_LINE_OF_CODE":"1"}}
{"ts":1697896448880,"action":"FILE_OPENED","file":"/app/src/main/AndroidManifest.xml","tags":{"FILE_LINE_OF_CODE":"28"}}
{"ts":1697896459590,"action":"FILE_CLOSED","file":"/app/src/main/AndroidManifest.xml","tags":{"FILE_LINE_OF_CODE":"28"}}
{"ts":1697896459590,"action":"FILE_OPENED","file":"/app/build.gradle.kts","tags":{"FILE_LINE_OF_CODE":"69"}}
{"ts":1697896502591,"action":"FILE_CLOSED","file":"/app/build.gradle.kts","tags":{"FILE_LINE_OF_CODE":"69"}}
{"ts":1697896502591,"action":"FILE_OPENED","file":"/app/src/main/AndroidManifest.xml","tags":{"FILE_LINE_OF_CODE":"28"}}
{"ts":1697896503506,"action":"FILE_CLOSED","file":"/app/src/main/AndroidManifest.xml","tags":{"FILE_LINE_OF_CODE":"28"}}
{"ts":1697896503507,"action":"FILE_OPENED","file":"/app/.gitignore","tags":{"FILE_LINE_OF_CODE":"1"}}
{"ts":1697896504173,"action":"FILE_CLOSED","file":"/app/.gitignore","tags":{"FILE_LINE_OF_CODE":"1"}}
{"ts":1697896510160,"action":"FILE_OPENED","file":"/settings.gradle.kts","tags":{"FILE_LINE_OF_CODE":"18"}}
{"ts":1697896526885,"action":"FILE_CLOSED","file":"/settings.gradle.kts","tags":{"FILE_LINE_OF_CODE":"18"}}
{"ts":1697896526885,"action":"FILE_OPENED","file":"/gradle/wrapper/gradle-wrapper.properties","tags":{"FILE_LINE_OF_CODE":"7"}}
{"ts":1697896544507,"action":"FILE_CLOSED","file":"/gradle/wrapper/gradle-wrapper.properties","tags":{"FILE_LINE_OF_CODE":"7"}}
{"ts":1697896544507,"action":"FILE_OPENED","file":"/settings.gradle.kts","tags":{"FILE_LINE_OF_CODE":"18"}}
{"ts":1697896545490,"action":"FILE_CLOSED","file":"/settings.gradle.kts","tags":{"FILE_LINE_OF_CODE":"18"}}
{"ts":1697896625502,"action":"FILE_OPENED","file":"/build.gradle.kts","tags":{"FILE_LINE_OF_CODE":"5"}}
{"ts":1697896628516,"action":"FILE_CLOSED","file":"/build.gradle.kts","tags":{"FILE_LINE_OF_CODE":"5"}}
{"ts":1697896628516,"action":"FILE_OPENED","file":"/app/build.gradle.kts","tags":{"FILE_LINE_OF_CODE":"69"}}
{"ts":1697896743154,"action":"IDE_DEACTIVATED"}
{"ts":1697896784495,"action":"IDE_ACTIVATED"}
{"ts":1697896798688,"action":"IDE_DEACTIVATED"}
{"ts":1697896877792,"action":"IDE_ACTIVATED"}
{"ts":1697896879019,"action":"IDE_DEACTIVATED"}
{"ts":1697897044463,"action":"IDE_ACTIVATED"}
{"ts":1697897112446,"action":"FILE_CLOSED","file":"/app/build.gradle.kts","tags":{"FILE_LINE_OF_CODE":"69"}}
{"ts":1697897112446,"action":"FILE_OPENED","file":"/build.gradle.kts","tags":{"FILE_LINE_OF_CODE":"5"}}
{"ts":1697897114695,"action":"FILE_CLOSED","file":"/build.gradle.kts","tags":{"FILE_LINE_OF_CODE":"5"}}
{"ts":1697897114695,"action":"FILE_OPENED","file":"/app/build.gradle.kts","tags":{"FILE_LINE_OF_CODE":"69"}}
{"ts":1697897118570,"action":"FILE_CLOSED","file":"/app/build.gradle.kts","tags":{"FILE_LINE_OF_CODE":"69"}}
{"ts":1697897118570,"action":"FILE_OPENED","file":"/build.gradle.kts","tags":{"FILE_LINE_OF_CODE":"5"}}
{"ts":1697897120182,"action":"FILE_CLOSED","file":"/build.gradle.kts","tags":{"FILE_LINE_OF_CODE":"5"}}
{"ts":1697897120182,"action":"FILE_OPENED","file":"/app/build.gradle.kts","tags":{"FILE_LINE_OF_CODE":"69"}}
{"ts":1697897120647,"action":"FILE_CLOSED","file":"/app/build.gradle.kts","tags":{"FILE_LINE_OF_CODE":"69"}}
{"ts":1697897131176,"action":"IDE_DEACTIVATED"}
{"ts":1697897201872,"action":"IDE_ACTIVATED"}
{"ts":1697897215409,"action":"IDE_DEACTIVATED"}
{"ts":1697897237722,"action":"IDE_ACTIVATED"}
